# JRE version: OpenJDK Runtime Environment Microsoft-8035246 (17.0.8+7) (build 17.0.8+7-LTS)
# Java VM: OpenJDK 64-Bit Server VM Microsoft-8035246 (17.0.8+7-LTS, mixed mode, sharing, tiered, compressed oops, compressed class ptrs, g1 gc, windows-amd64)
GC Precious Log:
 CPUs: 4 total, 4 available
 Memory: 8108M
 Large Page Support: Disabled
 NUMA Support: Disabled
 Compressed Oops: Enabled (32-bit)
 Heap Region Size: 1M
 Heap Min Capacity: 8M
 Heap Initial Capacity: 128M
 Heap Max Capacity: 2G
 Pre-touch: Disabled
 Parallel Workers: 4
 Concurrent Workers: 1
 Concurrent Refinement Workers: 4
 Periodic GC: Disabled
Heap:
 garbage-first heap   total 324608K, used 197086K [0x0000000080000000, 0x0000000100000000)
  region size 1024K, 16 young (16384K), 6 survivors (6144K)
 Metaspace       used 103551K, committed 104704K, reserved 557056K
  class space    used 14497K, committed 15040K, reserved 425984K
GC Heap History (20 events):
Event: 28.206 GC heap before
{Heap before GC invocations=47 (full 0):
 garbage-first heap   total 178176K, used 141098K [0x0000000080000000, 0x0000000100000000)
  region size 1024K, 53 young (54272K), 6 survivors (6144K)
 Metaspace       used 83235K, committed 83968K, reserved 557056K
  class space    used 11756K, committed 12096K, reserved 425984K
}
Event: 28.213 GC heap after
{Heap after GC invocations=48 (full 0):
 garbage-first heap   total 178176K, used 93388K [0x0000000080000000, 0x0000000100000000)
  region size 1024K, 4 young (4096K), 4 survivors (4096K)
 Metaspace       used 83235K, committed 83968K, reserved 557056K
  class space    used 11756K, committed 12096K, reserved 425984K
}
Event: 28.790 GC heap before
{Heap before GC invocations=48 (full 0):
 garbage-first heap   total 178176K, used 142540K [0x0000000080000000, 0x0000000100000000)
  region size 1024K, 52 young (53248K), 4 survivors (4096K)
 Metaspace       used 86024K, committed 86848K, reserved 557056K
  class space    used 12136K, committed 12544K, reserved 425984K
}
Event: 28.800 GC heap after
{Heap after GC invocations=49 (full 0):
 garbage-first heap   total 312320K, used 96616K [0x0000000080000000, 0x0000000100000000)
  region size 1024K, 7 young (7168K), 7 survivors (7168K)
 Metaspace       used 86024K, committed 86848K, reserved 557056K
  class space    used 12136K, committed 12544K, reserved 425984K
}
Event: 31.097 GC heap before
{Heap before GC invocations=50 (full 0):
 garbage-first heap   total 312320K, used 239976K [0x0000000080000000, 0x0000000100000000)
  region size 1024K, 143 young (146432K), 7 survivors (7168K)
 Metaspace       used 90976K, committed 92032K, reserved 557056K
  class space    used 12877K, committed 13376K, reserved 425984K
}
Event: 31.125 GC heap after
{Heap after GC invocations=51 (full 0):
 garbage-first heap   total 312320K, used 121251K [0x0000000080000000, 0x0000000100000000)
  region size 1024K, 18 young (18432K), 18 survivors (18432K)
 Metaspace       used 90976K, committed 92032K, reserved 557056K
  class space    used 12877K, committed 13376K, reserved 425984K
}
Event: 32.136 GC heap before
{Heap before GC invocations=51 (full 0):
 garbage-first heap   total 312320K, used 226723K [0x0000000080000000, 0x0000000100000000)
  region size 1024K, 121 young (123904K), 18 survivors (18432K)
 Metaspace       used 95212K, committed 96256K, reserved 557056K
  class space    used 13471K, committed 13952K, reserved 425984K
}
Event: 32.162 GC heap after
{Heap after GC invocations=52 (full 0):
 garbage-first heap   total 312320K, used 131328K [0x0000000080000000, 0x0000000100000000)
  region size 1024K, 9 young (9216K), 9 survivors (9216K)
 Metaspace       used 95212K, committed 96256K, reserved 557056K
  class space    used 13471K, committed 13952K, reserved 425984K
}
Event: 33.259 GC heap before
{Heap before GC invocations=52 (full 0):
 garbage-first heap   total 312320K, used 237824K [0x0000000080000000, 0x0000000100000000)
  region size 1024K, 111 young (113664K), 9 survivors (9216K)
 Metaspace       used 95868K, committed 96960K, reserved 557056K
  class space    used 13536K, committed 14016K, reserved 425984K
}
Event: 33.286 GC heap after
{Heap after GC invocations=53 (full 0):
 garbage-first heap   total 312320K, used 152484K [0x0000000080000000, 0x0000000100000000)
  region size 1024K, 14 young (14336K), 14 survivors (14336K)
 Metaspace       used 95868K, committed 96960K, reserved 557056K
  class space    used 13536K, committed 14016K, reserved 425984K
}
Event: 35.268 GC heap before
{Heap before GC invocations=53 (full 0):
 garbage-first heap   total 312320K, used 242596K [0x0000000080000000, 0x0000000100000000)
  region size 1024K, 102 young (104448K), 14 survivors (14336K)
 Metaspace       used 101059K, committed 102272K, reserved 557056K
  class space    used 14239K, committed 14784K, reserved 425984K
}
Event: 35.295 GC heap after
{Heap after GC invocations=54 (full 0):
 garbage-first heap   total 312320K, used 163236K [0x0000000080000000, 0x0000000100000000)
  region size 1024K, 10 young (10240K), 10 survivors (10240K)
 Metaspace       used 101059K, committed 102272K, reserved 557056K
  class space    used 14239K, committed 14784K, reserved 425984K
}
Event: 37.088 GC heap before
{Heap before GC invocations=54 (full 0):
 garbage-first heap   total 312320K, used 247204K [0x0000000080000000, 0x0000000100000000)
  region size 1024K, 92 young (94208K), 10 survivors (10240K)
 Metaspace       used 102231K, committed 103424K, reserved 557056K
  class space    used 14335K, committed 14848K, reserved 425984K
}
Event: 37.118 GC heap after
{Heap after GC invocations=55 (full 0):
 garbage-first heap   total 312320K, used 173434K [0x0000000080000000, 0x0000000100000000)
  region size 1024K, 11 young (11264K), 11 survivors (11264K)
 Metaspace       used 102231K, committed 103424K, reserved 557056K
  class space    used 14335K, committed 14848K, reserved 425984K
}
Event: 38.859 GC heap before
{Heap before GC invocations=56 (full 0):
 garbage-first heap   total 324608K, used 250234K [0x0000000080000000, 0x0000000100000000)
  region size 1024K, 87 young (89088K), 11 survivors (11264K)
 Metaspace       used 103290K, committed 104512K, reserved 557056K
  class space    used 14452K, committed 15040K, reserved 425984K
}
Event: 38.879 GC heap after
{Heap after GC invocations=57 (full 0):
 garbage-first heap   total 324608K, used 178489K [0x0000000080000000, 0x0000000100000000)
  region size 1024K, 6 young (6144K), 6 survivors (6144K)
 Metaspace       used 103290K, committed 104512K, reserved 557056K
  class space    used 14452K, committed 15040K, reserved 425984K
}
Event: 38.941 GC heap before
{Heap before GC invocations=57 (full 0):
 garbage-first heap   total 324608K, used 187705K [0x0000000080000000, 0x0000000100000000)
  region size 1024K, 15 young (15360K), 6 survivors (6144K)
 Metaspace       used 103321K, committed 104576K, reserved 557056K
  class space    used 14452K, committed 15040K, reserved 425984K
}
Event: 38.953 GC heap after
{Heap after GC invocations=58 (full 0):
 garbage-first heap   total 324608K, used 179056K [0x0000000080000000, 0x0000000100000000)
  region size 1024K, 1 young (1024K), 1 survivors (1024K)
 Metaspace       used 103321K, committed 104576K, reserved 557056K
  class space    used 14452K, committed 15040K, reserved 425984K
}
Event: 40.015 GC heap before
{Heap before GC invocations=58 (full 0):
 garbage-first heap   total 324608K, used 247664K [0x0000000080000000, 0x0000000100000000)
  region size 1024K, 70 young (71680K), 1 survivors (1024K)
 Metaspace       used 103549K, committed 104704K, reserved 557056K
  class space    used 14497K, committed 15040K, reserved 425984K
}
Event: 40.025 GC heap after
{Heap after GC invocations=59 (full 0):
 garbage-first heap   total 324608K, used 183774K [0x0000000080000000, 0x0000000100000000)
  region size 1024K, 6 young (6144K), 6 survivors (6144K)
 Metaspace       used 103549K, committed 104704K, reserved 557056K
  class space    used 14497K, committed 15040K, reserved 425984K
}

